<?xml version="1.0" encoding="UTF-8"?>
<robot generator="Robot 3.0.4 (Python 3.7.0 on win32)" generated="20180910 16:49:15.622">
<suite id="s1" name="02Click Fresh Food&amp;S Food" source="C:\Users\nawinda\project\vare\star\02Click Fresh Food&amp;S_Food.robot">
<test id="s1-t1" name="Click Fresh Food Test">
<kw name="Open Browser" library="Selenium2Library" type="setup">
<doc>Opens a new browser instance to the given ``url``.</doc>
<arguments>
<arg>http://www.starbucks.co.th/menu-list</arg>
<arg>Chrome</arg>
</arguments>
<msg timestamp="20180910 16:49:15.746" level="INFO">Opening browser 'Chrome' to base url 'http://www.starbucks.co.th/menu-list'.</msg>
<status status="PASS" starttime="20180910 16:49:15.746" endtime="20180910 16:49:29.140"></status>
</kw>
<kw name="Title Should Be" library="Selenium2Library">
<doc>Verifies that current page title equals ``title``.</doc>
<arguments>
<arg>Starbucks Menu | Starbucks Coffee Company</arg>
</arguments>
<msg timestamp="20180910 16:49:29.153" level="INFO">Page title is 'Starbucks Menu | Starbucks Coffee Company'.</msg>
<status status="PASS" starttime="20180910 16:49:29.141" endtime="20180910 16:49:29.153"></status>
</kw>
<kw name="Wait Until Page Contains Element" library="Selenium2Library">
<doc>Waits until element ``locator`` appears on current page.</doc>
<arguments>
<arg>//*[@id="main"]/div/div/div/div/div[2]/article/div[1]/h1/a</arg>
</arguments>
<status status="PASS" starttime="20180910 16:49:29.154" endtime="20180910 16:49:29.175"></status>
</kw>
<kw name="Click Element" library="Selenium2Library">
<doc>Click element identified by ``locator``.</doc>
<arguments>
<arg>//*[@id="main"]/div/div/div/div/div[2]/article/div[1]/h1/a</arg>
</arguments>
<msg timestamp="20180910 16:49:29.176" level="INFO">Clicking element '//*[@id="main"]/div/div/div/div/div[2]/article/div[1]/h1/a'.</msg>
<status status="PASS" starttime="20180910 16:49:29.176" endtime="20180910 16:49:32.947"></status>
</kw>
<kw name="Title Should Be" library="Selenium2Library">
<doc>Verifies that current page title equals ``title``.</doc>
<arguments>
<arg>Starbucks Food Items | Starbucks Coffee Company</arg>
</arguments>
<msg timestamp="20180910 16:49:32.956" level="INFO">Page title is 'Starbucks Food Items | Starbucks Coffee Company'.</msg>
<status status="PASS" starttime="20180910 16:49:32.947" endtime="20180910 16:49:32.956"></status>
</kw>
<kw name="Close Browser" library="Selenium2Library" type="teardown">
<doc>Closes the current browser.</doc>
<status status="PASS" starttime="20180910 16:49:32.956" endtime="20180910 16:49:35.058"></status>
</kw>
<status status="PASS" starttime="20180910 16:49:15.746" endtime="20180910 16:49:35.058" critical="yes"></status>
</test>
<test id="s1-t2" name="Click S_Food Test">
<kw name="Open Browser" library="Selenium2Library" type="setup">
<doc>Opens a new browser instance to the given ``url``.</doc>
<arguments>
<arg>http://www.starbucks.co.th/menu-list</arg>
<arg>Chrome</arg>
</arguments>
<msg timestamp="20180910 16:49:35.058" level="INFO">Opening browser 'Chrome' to base url 'http://www.starbucks.co.th/menu-list'.</msg>
<status status="PASS" starttime="20180910 16:49:35.058" endtime="20180910 16:49:48.251"></status>
</kw>
<kw name="Title Should Be" library="Selenium2Library">
<doc>Verifies that current page title equals ``title``.</doc>
<arguments>
<arg>Starbucks Menu | Starbucks Coffee Company</arg>
</arguments>
<msg timestamp="20180910 16:49:48.272" level="INFO">Page title is 'Starbucks Menu | Starbucks Coffee Company'.</msg>
<status status="PASS" starttime="20180910 16:49:48.252" endtime="20180910 16:49:48.272"></status>
</kw>
<kw name="Wait Until Page Contains Element" library="Selenium2Library">
<doc>Waits until element ``locator`` appears on current page.</doc>
<arguments>
<arg>//*[@id="main"]/div/div/div/div/div[2]/article/a[2]</arg>
</arguments>
<status status="PASS" starttime="20180910 16:49:48.272" endtime="20180910 16:49:48.325"></status>
</kw>
<kw name="Click Element" library="Selenium2Library">
<doc>Click element identified by ``locator``.</doc>
<arguments>
<arg>//*[@id="main"]/div/div/div/div/div[2]/article/a[2]</arg>
</arguments>
<msg timestamp="20180910 16:49:48.325" level="INFO">Clicking element '//*[@id="main"]/div/div/div/div/div[2]/article/a[2]'.</msg>
<status status="PASS" starttime="20180910 16:49:48.325" endtime="20180910 16:49:55.743"></status>
</kw>
<kw name="Title Should Be" library="Selenium2Library">
<doc>Verifies that current page title equals ``title``.</doc>
<arguments>
<arg>Starbucks Food Items | Starbucks Coffee Company</arg>
</arguments>
<msg timestamp="20180910 16:49:55.751" level="INFO">Page title is 'Starbucks Food Items | Starbucks Coffee Company'.</msg>
<status status="PASS" starttime="20180910 16:49:55.743" endtime="20180910 16:49:55.751"></status>
</kw>
<kw name="Wait Until Page Contains Element" library="Selenium2Library">
<doc>Waits until element ``locator`` appears on current page.</doc>
<arguments>
<arg>${SWEET CONFECTIONS}</arg>
</arguments>
<status status="PASS" starttime="20180910 16:49:55.751" endtime="20180910 16:49:55.769"></status>
</kw>
<kw name="Wait Until Page Contains Element" library="Selenium2Library">
<doc>Waits until element ``locator`` appears on current page.</doc>
<arguments>
<arg>${Sweet Your Flavor}</arg>
</arguments>
<status status="PASS" starttime="20180910 16:49:55.769" endtime="20180910 16:49:55.776"></status>
</kw>
<kw name="Wait Until Page Contains Element" library="Selenium2Library">
<doc>Waits until element ``locator`` appears on current page.</doc>
<arguments>
<arg>${Cakes}</arg>
</arguments>
<status status="PASS" starttime="20180910 16:49:55.776" endtime="20180910 16:49:55.791"></status>
</kw>
<kw name="Wait Until Page Contains Element" library="Selenium2Library">
<doc>Waits until element ``locator`` appears on current page.</doc>
<arguments>
<arg>${Pastries}</arg>
</arguments>
<status status="PASS" starttime="20180910 16:49:55.791" endtime="20180910 16:49:55.807"></status>
</kw>
<kw name="Wait Until Page Contains Element" library="Selenium2Library">
<doc>Waits until element ``locator`` appears on current page.</doc>
<arguments>
<arg>${Sandwiches}</arg>
</arguments>
<status status="PASS" starttime="20180910 16:49:55.807" endtime="20180910 16:49:55.823"></status>
</kw>
<kw name="Wait Until Page Contains Element" library="Selenium2Library">
<doc>Waits until element ``locator`` appears on current page.</doc>
<arguments>
<arg>${Savories}</arg>
</arguments>
<status status="PASS" starttime="20180910 16:49:55.823" endtime="20180910 16:49:55.854"></status>
</kw>
<kw name="Wait Until Page Contains Element" library="Selenium2Library">
<doc>Waits until element ``locator`` appears on current page.</doc>
<arguments>
<arg>${Yogurt}</arg>
</arguments>
<status status="PASS" starttime="20180910 16:49:55.854" endtime="20180910 16:49:55.869"></status>
</kw>
<kw name="Wait Until Page Contains Element" library="Selenium2Library">
<doc>Waits until element ``locator`` appears on current page.</doc>
<arguments>
<arg>${MENU}</arg>
</arguments>
<status status="PASS" starttime="20180910 16:49:55.869" endtime="20180910 16:49:55.885"></status>
</kw>
<kw name="Click Element" library="Selenium2Library">
<doc>Click element identified by ``locator``.</doc>
<arguments>
<arg>//*[@id="breadcrumb"]/li[1]/a</arg>
</arguments>
<msg timestamp="20180910 16:49:55.885" level="INFO">Clicking element '//*[@id="breadcrumb"]/li[1]/a'.</msg>
<status status="PASS" starttime="20180910 16:49:55.885" endtime="20180910 16:49:57.467"></status>
</kw>
<kw name="Title Should Be" library="Selenium2Library">
<doc>Verifies that current page title equals ``title``.</doc>
<arguments>
<arg>Starbucks Menu | Starbucks Coffee Company</arg>
</arguments>
<msg timestamp="20180910 16:49:57.474" level="INFO">Page title is 'Starbucks Menu | Starbucks Coffee Company'.</msg>
<status status="PASS" starttime="20180910 16:49:57.467" endtime="20180910 16:49:57.474"></status>
</kw>
<kw name="Close Browser" library="Selenium2Library" type="teardown">
<doc>Closes the current browser.</doc>
<status status="PASS" starttime="20180910 16:49:57.475" endtime="20180910 16:49:59.575"></status>
</kw>
<status status="PASS" starttime="20180910 16:49:35.058" endtime="20180910 16:49:59.575" critical="yes"></status>
</test>
<status status="PASS" starttime="20180910 16:49:15.622" endtime="20180910 16:49:59.575"></status>
</suite>
<statistics>
<total>
<stat pass="2" fail="0">Critical Tests</stat>
<stat pass="2" fail="0">All Tests</stat>
</total>
<tag>
</tag>
<suite>
<stat pass="2" fail="0" id="s1" name="02Click Fresh Food&amp;S Food">02Click Fresh Food&amp;S Food</stat>
</suite>
</statistics>
<errors>
</errors>
</robot>
